# JRE version: OpenJDK Runtime Environment (8.0_322-b06) (build 1.8.0_322-b06)
# Java VM: OpenJDK 64-Bit Server VM (25.322-b06 mixed mode windows-amd64 compressed oops)
Heap:
 PSYoungGen      total 857088K, used 405936K [0x000000076b180000, 0x00000007bea80000, 0x00000007c0000000)
  eden space 393728K, 100% used [0x000000076b180000,0x0000000783200000,0x0000000783200000)
  from space 463360K, 2% used [0x0000000783200000,0x0000000783dec1e8,0x000000079f680000)
  to   space 463360K, 0% used [0x00000007a2600000,0x00000007a2600000,0x00000007bea80000)
 ParOldGen       total 2782720K, used 2782591K [0x00000006c1400000, 0x000000076b180000, 0x000000076b180000)
  object space 2782720K, 99% used [0x00000006c1400000,0x000000076b15fd78,0x000000076b180000)
 Metaspace       used 4026K, capacity 4640K, committed 4864K, reserved 1056768K
  class space    used 421K, capacity 464K, committed 512K, reserved 1048576K
GC Heap History (10 events):
Event: 55.816 GC heap after
Heap after GC invocations=79 (full 54):
 PSYoungGen      total 857088K, used 405936K [0x000000076b180000, 0x00000007bea80000, 0x00000007c0000000)
  eden space 393728K, 100% used [0x000000076b180000,0x0000000783200000,0x0000000783200000)
  from space 463360K, 2% used [0x0000000783200000,0x0000000783dec1e8,0x000000079f680000)
  to   space 463360K, 0% used [0x00000007a2600000,0x00000007a2600000,0x00000007bea80000)
 ParOldGen       total 2782720K, used 2782584K [0x00000006c1400000, 0x000000076b180000, 0x000000076b180000)
  object space 2782720K, 99% used [0x00000006c1400000,0x000000076b15e2a8,0x000000076b180000)
 Metaspace       used 4026K, capacity 4640K, committed 4864K, reserved 1056768K
  class space    used 421K, capacity 464K, committed 512K, reserved 1048576K
}
Event: 55.816 GC heap before
{Heap before GC invocations=80 (full 55):
 PSYoungGen      total 857088K, used 405936K [0x000000076b180000, 0x00000007bea80000, 0x00000007c0000000)
  eden space 393728K, 100% used [0x000000076b180000,0x0000000783200000,0x0000000783200000)
  from space 463360K, 2% used [0x0000000783200000,0x0000000783dec1e8,0x000000079f680000)
  to   space 463360K, 0% used [0x00000007a2600000,0x00000007a2600000,0x00000007bea80000)
 ParOldGen       total 2782720K, used 2782586K [0x00000006c1400000, 0x000000076b180000, 0x000000076b180000)
  object space 2782720K, 99% used [0x00000006c1400000,0x000000076b15eb20,0x000000076b180000)
 Metaspace       used 4026K, capacity 4640K, committed 4864K, reserved 1056768K
  class space    used 421K, capacity 464K, committed 512K, reserved 1048576K
Event: 56.743 GC heap after
Heap after GC invocations=80 (full 55):
 PSYoungGen      total 857088K, used 405936K [0x000000076b180000, 0x00000007bea80000, 0x00000007c0000000)
  eden space 393728K, 100% used [0x000000076b180000,0x0000000783200000,0x0000000783200000)
  from space 463360K, 2% used [0x0000000783200000,0x0000000783dec1e8,0x000000079f680000)
  to   space 463360K, 0% used [0x00000007a2600000,0x00000007a2600000,0x00000007bea80000)
 ParOldGen       total 2782720K, used 2782585K [0x00000006c1400000, 0x000000076b180000, 0x000000076b180000)
  object space 2782720K, 99% used [0x00000006c1400000,0x000000076b15e668,0x000000076b180000)
 Metaspace       used 4026K, capacity 4640K, committed 4864K, reserved 1056768K
  class space    used 421K, capacity 464K, committed 512K, reserved 1048576K
}
Event: 56.743 GC heap before
{Heap before GC invocations=81 (full 56):
 PSYoungGen      total 857088K, used 405936K [0x000000076b180000, 0x00000007bea80000, 0x00000007c0000000)
  eden space 393728K, 100% used [0x000000076b180000,0x0000000783200000,0x0000000783200000)
  from space 463360K, 2% used [0x0000000783200000,0x0000000783dec1e8,0x000000079f680000)
  to   space 463360K, 0% used [0x00000007a2600000,0x00000007a2600000,0x00000007bea80000)
 ParOldGen       total 2782720K, used 2782587K [0x00000006c1400000, 0x000000076b180000, 0x000000076b180000)
  object space 2782720K, 99% used [0x00000006c1400000,0x000000076b15eea8,0x000000076b180000)
 Metaspace       used 4026K, capacity 4640K, committed 4864K, reserved 1056768K
  class space    used 421K, capacity 464K, committed 512K, reserved 1048576K
Event: 57.644 GC heap after
Heap after GC invocations=81 (full 56):
 PSYoungGen      total 857088K, used 405936K [0x000000076b180000, 0x00000007bea80000, 0x00000007c0000000)
  eden space 393728K, 100% used [0x000000076b180000,0x0000000783200000,0x0000000783200000)
  from space 463360K, 2% used [0x0000000783200000,0x0000000783dec1e8,0x000000079f680000)
  to   space 463360K, 0% used [0x00000007a2600000,0x00000007a2600000,0x00000007bea80000)
 ParOldGen       total 2782720K, used 2782587K [0x00000006c1400000, 0x000000076b180000, 0x000000076b180000)
  object space 2782720K, 99% used [0x00000006c1400000,0x000000076b15ec30,0x000000076b180000)
 Metaspace       used 4026K, capacity 4640K, committed 4864K, reserved 1056768K
  class space    used 421K, capacity 464K, committed 512K, reserved 1048576K
}
Event: 57.644 GC heap before
{Heap before GC invocations=82 (full 57):
 PSYoungGen      total 857088K, used 405936K [0x000000076b180000, 0x00000007bea80000, 0x00000007c0000000)
  eden space 393728K, 100% used [0x000000076b180000,0x0000000783200000,0x0000000783200000)
  from space 463360K, 2% used [0x0000000783200000,0x0000000783dec1e8,0x000000079f680000)
  to   space 463360K, 0% used [0x00000007a2600000,0x00000007a2600000,0x00000007bea80000)
 ParOldGen       total 2782720K, used 2782589K [0x00000006c1400000, 0x000000076b180000, 0x000000076b180000)
  object space 2782720K, 99% used [0x00000006c1400000,0x000000076b15f478,0x000000076b180000)
 Metaspace       used 4026K, capacity 4640K, committed 4864K, reserved 1056768K
  class space    used 421K, capacity 464K, committed 512K, reserved 1048576K
Event: 58.545 GC heap after
Heap after GC invocations=82 (full 57):
 PSYoungGen      total 857088K, used 405936K [0x000000076b180000, 0x00000007bea80000, 0x00000007c0000000)
  eden space 393728K, 100% used [0x000000076b180000,0x0000000783200000,0x0000000783200000)
  from space 463360K, 2% used [0x0000000783200000,0x0000000783dec1e8,0x000000079f680000)
  to   space 463360K, 0% used [0x00000007a2600000,0x00000007a2600000,0x00000007bea80000)
 ParOldGen       total 2782720K, used 2782587K [0x00000006c1400000, 0x000000076b180000, 0x000000076b180000)
  object space 2782720K, 99% used [0x00000006c1400000,0x000000076b15efc8,0x000000076b180000)
 Metaspace       used 4026K, capacity 4640K, committed 4864K, reserved 1056768K
  class space    used 421K, capacity 464K, committed 512K, reserved 1048576K
}
Event: 58.545 GC heap before
{Heap before GC invocations=83 (full 58):
 PSYoungGen      total 857088K, used 405936K [0x000000076b180000, 0x00000007bea80000, 0x00000007c0000000)
  eden space 393728K, 100% used [0x000000076b180000,0x0000000783200000,0x0000000783200000)
  from space 463360K, 2% used [0x0000000783200000,0x0000000783dec1e8,0x000000079f680000)
  to   space 463360K, 0% used [0x00000007a2600000,0x00000007a2600000,0x00000007bea80000)
 ParOldGen       total 2782720K, used 2782590K [0x00000006c1400000, 0x000000076b180000, 0x000000076b180000)
  object space 2782720K, 99% used [0x00000006c1400000,0x000000076b15f800,0x000000076b180000)
 Metaspace       used 4026K, capacity 4640K, committed 4864K, reserved 1056768K
  class space    used 421K, capacity 464K, committed 512K, reserved 1048576K
Event: 59.432 GC heap after
Heap after GC invocations=83 (full 58):
 PSYoungGen      total 857088K, used 405936K [0x000000076b180000, 0x00000007bea80000, 0x00000007c0000000)
  eden space 393728K, 100% used [0x000000076b180000,0x0000000783200000,0x0000000783200000)
  from space 463360K, 2% used [0x0000000783200000,0x0000000783dec1e8,0x000000079f680000)
  to   space 463360K, 0% used [0x00000007a2600000,0x00000007a2600000,0x00000007bea80000)
 ParOldGen       total 2782720K, used 2782589K [0x00000006c1400000, 0x000000076b180000, 0x000000076b180000)
  object space 2782720K, 99% used [0x00000006c1400000,0x000000076b15f588,0x000000076b180000)
 Metaspace       used 4026K, capacity 4640K, committed 4864K, reserved 1056768K
  class space    used 421K, capacity 464K, committed 512K, reserved 1048576K
}
Event: 59.432 GC heap before
{Heap before GC invocations=84 (full 59):
 PSYoungGen      total 857088K, used 405936K [0x000000076b180000, 0x00000007bea80000, 0x00000007c0000000)
  eden space 393728K, 100% used [0x000000076b180000,0x0000000783200000,0x0000000783200000)
  from space 463360K, 2% used [0x0000000783200000,0x0000000783dec1e8,0x000000079f680000)
  to   space 463360K, 0% used [0x00000007a2600000,0x00000007a2600000,0x00000007bea80000)
 ParOldGen       total 2782720K, used 2782591K [0x00000006c1400000, 0x000000076b180000, 0x000000076b180000)
  object space 2782720K, 99% used [0x00000006c1400000,0x000000076b15fd78,0x000000076b180000)
 Metaspace       used 4026K, capacity 4640K, committed 4864K, reserved 1056768K
  class space    used 421K, capacity 464K, committed 512K, reserved 1048576K

